C:\Program Files (x86)\Microsoft Visual Studio\2017\Community\Common7\IDE\VC\VCTargets\Microsoft.CppBuild.targets(387,5): warning MSB8028: The intermediate directory (Release\) contains files shared from another project (Particle Simulation.vcxproj).  This can lead to incorrect clean and rebuild behavior.
  Program.cpp
c:\users\owner\desktop\school\comp 4490\project\particle system\particle simulation\Program.h(55): warning C4091: 'typedef ': ignored on left of 'Program' when no variable is declared
Program.cpp(81): warning C4018: '<': signed/unsigned mismatch
  main.cpp
c:\users\owner\desktop\school\comp 4490\project\particle system\particle simulation\Program.h(55): warning C4091: 'typedef ': ignored on left of 'Program' when no variable is declared
  Particle.cpp
  ParticleSystem.cpp
c:\users\owner\desktop\school\comp 4490\project\particle system\particle simulation\Program.h(55): warning C4091: 'typedef ': ignored on left of 'Program' when no variable is declared
ParticleSystem.cpp(8): warning C4244: 'initializing': conversion from 'float' to 'int', possible loss of data
ParticleSystem.cpp(12): warning C4244: 'initializing': conversion from 'double' to 'int', possible loss of data
ParticleSystem.cpp(52): warning C4244: 'argument': conversion from 'double' to 'float', possible loss of data
ParticleSystem.cpp(54): warning C4244: 'argument': conversion from 'double' to 'float', possible loss of data
ParticleSystem.cpp(57): warning C4244: 'argument': conversion from 'double' to 'float', possible loss of data
ParticleSystem.cpp(59): warning C4244: 'argument': conversion from 'double' to 'float', possible loss of data
ParticleSystem.cpp(65): warning C4244: 'initializing': conversion from 'float' to 'int', possible loss of data
ParticleSystem.cpp(83): warning C4244: 'initializing': conversion from 'double' to 'int', possible loss of data
ParticleSystem.cpp(84): warning C4018: '<': signed/unsigned mismatch
  Helper.cpp
  Generating code
  625 of 640 functions (97.7%) were compiled, the rest were copied from previous compilation.
    5 functions were new in current compilation
    1 functions had inline decision re-evaluated but remain unchanged
  Finished generating code
  Particle Simulation.vcxproj -> C:\Users\Owner\Desktop\School\COMP 4490\Project\Particle System\Release\Particle System.exe
